<?xml version="1.0" encoding="UTF-8"?>
<coverage generated="1597778097790" clover="3.2.0">
  <project timestamp="1597778097790" name="All files">
    <metrics statements="13" coveredstatements="13" conditionals="13" coveredconditionals="11" methods="1" coveredmethods="1" elements="27" coveredelements="25" complexity="0" loc="13" ncloc="13" packages="2" files="3" classes="3"/>
    <package name="src">
      <metrics statements="12" coveredstatements="12" conditionals="13" coveredconditionals="11" methods="1" coveredmethods="1"/>
      <file name="common.js" path="/Users/lagden/webapps/htdocs/lab/js/module/@tadashi/svelte/btn/src/common.js">
        <metrics statements="6" coveredstatements="6" conditionals="6" coveredconditionals="6" methods="1" coveredmethods="1"/>
        <line num="11" count="5" type="stmt"/>
        <line num="12" count="5" type="stmt"/>
        <line num="13" count="12" type="cond" truecount="3" falsecount="0"/>
        <line num="14" count="12" type="cond" truecount="2" falsecount="0"/>
        <line num="15" count="3" type="stmt"/>
        <line num="18" count="5" type="stmt"/>
      </file>
      <file name="index.svelte" path="/Users/lagden/webapps/htdocs/lab/js/module/@tadashi/svelte/btn/src/index.svelte">
        <metrics statements="6" coveredstatements="6" conditionals="7" coveredconditionals="5" methods="0" coveredmethods="0"/>
        <line num="4" count="1" type="stmt"/>
        <line num="6" count="3" type="cond" truecount="1" falsecount="0"/>
        <line num="7" count="3" type="cond" truecount="1" falsecount="0"/>
        <line num="9" count="3" type="cond" truecount="1" falsecount="0"/>
        <line num="12" count="3" type="stmt"/>
        <line num="17" count="6" type="stmt"/>
      </file>
    </package>
    <package name="test">
      <metrics statements="1" coveredstatements="1" conditionals="0" coveredconditionals="0" methods="0" coveredmethods="0"/>
      <file name="Slot.svelte" path="/Users/lagden/webapps/htdocs/lab/js/module/@tadashi/svelte/btn/test/Slot.svelte">
        <metrics statements="1" coveredstatements="1" conditionals="0" coveredconditionals="0" methods="0" coveredmethods="0"/>
        <line num="2" count="1" type="stmt"/>
      </file>
    </package>
  </project>
</coverage>
