{"/Users/lagden/webapps/htdocs/lab/js/module/@tadashi/svelte/btn/src/common.js": {"path":"/Users/lagden/webapps/htdocs/lab/js/module/@tadashi/svelte/btn/src/common.js","statementMap":{"0":{"start":{"line":11,"column":14},"end":{"line":11,"column":16}},"1":{"start":{"line":12,"column":1},"end":{"line":17,"column":2}},"2":{"start":{"line":13,"column":19},"end":{"line":13,"column":91}},"3":{"start":{"line":14,"column":2},"end":{"line":16,"column":3}},"4":{"start":{"line":15,"column":3},"end":{"line":15,"column":44}},"5":{"start":{"line":18,"column":1},"end":{"line":18,"column":14}}},"fnMap":{"0":{"name":"filterProps","decl":{"start":{"line":10,"column":16},"end":{"line":10,"column":27}},"loc":{"start":{"line":10,"column":50},"end":{"line":19,"column":1}},"line":10}},"branchMap":{"0":{"loc":{"start":{"line":10,"column":35},"end":{"line":10,"column":48}},"type":"default-arg","locations":[{"start":{"line":10,"column":46},"end":{"line":10,"column":48}}],"line":10},"1":{"loc":{"start":{"line":13,"column":19},"end":{"line":13,"column":91}},"type":"binary-expr","locations":[{"start":{"line":13,"column":19},"end":{"line":13,"column":38}},{"start":{"line":13,"column":42},"end":{"line":13,"column":64}},{"start":{"line":13,"column":68},"end":{"line":13,"column":91}}],"line":13},"2":{"loc":{"start":{"line":14,"column":2},"end":{"line":16,"column":3}},"type":"if","locations":[{"start":{"line":14,"column":2},"end":{"line":16,"column":3}},{"start":{"line":14,"column":2},"end":{"line":16,"column":3}}],"line":14}},"s":{"0":5,"1":5,"2":12,"3":12,"4":3,"5":5},"f":{"0":5},"b":{"0":[1],"1":[12,8,6],"2":[3,9]},"_coverageSchema":"1a1c01bbd47fc00a2c39e90264f33305004495a9","hash":"3b2a9e0409314f5e4930e3b30fcb54581a8d8723"}
,"/Users/lagden/webapps/htdocs/lab/js/module/@tadashi/svelte/btn/src/index.svelte": {"path":"/Users/lagden/webapps/htdocs/lab/js/module/@tadashi/svelte/btn/src/index.svelte","statementMap":{"0":{"start":{"line":4,"column":20},"end":{"line":4,"column":null}},"1":{"start":{"line":6,"column":31},"end":{"line":6,"column":null}},"2":{"start":{"line":7,"column":28},"end":{"line":7,"column":null}},"3":{"start":{"line":9,"column":19},"end":{"line":9,"column":null}},"4":{"start":{"line":12,"column":15},"end":{"line":12,"column":null}},"5":{"start":{"line":17,"column":12},"end":{"line":17,"column":null}}},"fnMap":{},"branchMap":{"0":{"loc":{"start":{"line":16,"column":29},"end":{"line":16,"column":38}},"type":"binary-expr","locations":[{"start":{"line":16,"column":29},"end":{"line":16,"column":38}},{"start":{"line":16,"column":29},"end":{"line":16,"column":38}},{"start":{"line":16,"column":29},"end":{"line":16,"column":null}},{"start":{"line":16,"column":38},"end":{"line":16,"column":null}}]},"1":{"loc":{"start":{"line":6,"column":22},"end":{"line":6,"column":31}},"type":"default-arg","locations":[{"start":{"line":6,"column":22},"end":{"line":6,"column":31}}]},"2":{"loc":{"start":{"line":7,"column":23},"end":{"line":7,"column":28}},"type":"default-arg","locations":[{"start":{"line":7,"column":23},"end":{"line":7,"column":28}}]},"3":{"loc":{"start":{"line":9,"column":17},"end":{"line":9,"column":19}},"type":"default-arg","locations":[{"start":{"line":9,"column":17},"end":{"line":9,"column":19}}]}},"s":{"0":1,"1":3,"2":3,"3":3,"4":3,"5":6},"f":{},"b":{"0":[3,3,0,0],"1":[3],"2":[3],"3":[1]}}
,"/Users/lagden/webapps/htdocs/lab/js/module/@tadashi/svelte/btn/test/Slot.svelte": {"path":"/Users/lagden/webapps/htdocs/lab/js/module/@tadashi/svelte/btn/test/Slot.svelte","statementMap":{"0":{"start":{"line":2,"column":11},"end":{"line":2,"column":null}}},"fnMap":{},"branchMap":{},"s":{"0":1},"f":{},"b":{}}
}
