TN:
SF:src/common.js
FN:10,filterProps
FNF:1
FNH:1
FNDA:5,filterProps
DA:11,5
DA:12,5
DA:13,12
DA:14,12
DA:15,3
DA:18,5
LF:6
LH:6
BRDA:10,0,0,1
BRDA:13,1,0,12
BRDA:13,1,1,8
BRDA:13,1,2,6
BRDA:14,2,0,3
BRDA:14,2,1,9
BRF:6
BRH:6
end_of_record
TN:
SF:src/index.svelte
FNF:0
FNH:0
DA:4,1
DA:6,3
DA:7,3
DA:9,3
DA:12,3
DA:17,6
LF:6
LH:6
BRDA:16,0,0,3
BRDA:16,0,1,3
BRDA:16,0,2,0
BRDA:16,0,3,0
BRDA:6,1,0,3
BRDA:7,2,0,3
BRDA:9,3,0,1
BRF:7
BRH:5
end_of_record
TN:
SF:test/Slot.svelte
FNF:0
FNH:0
DA:2,1
LF:1
LH:1
BRF:0
BRH:0
end_of_record
